<?xml version="1.0" encoding="UTF-8"?>
<robot generator="Robot 6.1.1 (Python 3.11.0 on win32)" generated="20231127 18:32:36.755" rpa="false" schemaversion="4">
<suite id="s1" name="pythonProject1" source="C:\Users\chaithanya Raju\PycharmProjects\pythonProject1">
<suite id="s1-s1" name="Generate Random Email Id" source="C:\Users\chaithanya Raju\PycharmProjects\pythonProject1\generate_random_email_id.robot">
<test id="s1-s1-t1" name="Random Email ID" line="18">
<kw name="Return Random Email ID">
<var>${email}</var>
<doc>Returns a random email id</doc>
<kw name="Generate Random String" library="String">
<var>${random}</var>
<arg>6</arg>
<arg>[NUMBERS]</arg>
<doc>Generates a string with a desired ``length`` from the given ``chars``.</doc>
<msg timestamp="20231127 18:32:37.589" level="INFO">${random} = 793385</msg>
<status status="PASS" starttime="20231127 18:32:37.589" endtime="20231127 18:32:37.589"/>
</kw>
<kw name="Set Variable" library="BuiltIn">
<var>${email_id}</var>
<arg>${name}${random}@${domain}</arg>
<doc>Returns the given values which can then be assigned to a variables.</doc>
<msg timestamp="20231127 18:32:37.589" level="INFO">${email_id} = tester793385@automation.com</msg>
<status status="PASS" starttime="20231127 18:32:37.589" endtime="20231127 18:32:37.589"/>
</kw>
<msg timestamp="20231127 18:32:37.589" level="INFO">${email} = tester793385@automation.com</msg>
<status status="PASS" starttime="20231127 18:32:37.589" endtime="20231127 18:32:37.589"/>
</kw>
<kw name="Log" library="BuiltIn">
<arg>\nGenerated random email id: ${email}</arg>
<arg>console=True</arg>
<doc>Logs the given message with the given level.</doc>
<msg timestamp="20231127 18:32:37.589" level="INFO">
Generated random email id: tester793385@automation.com</msg>
<status status="PASS" starttime="20231127 18:32:37.589" endtime="20231127 18:32:37.589"/>
</kw>
<doc>This testcase will return random email id</doc>
<status status="PASS" starttime="20231127 18:32:37.589" endtime="20231127 18:32:37.589"/>
</test>
<status status="PASS" starttime="20231127 18:32:36.833" endtime="20231127 18:32:37.589"/>
</suite>
<status status="PASS" starttime="20231127 18:32:36.755" endtime="20231127 18:32:37.589"/>
</suite>
<statistics>
<total>
<stat pass="1" fail="0" skip="0">All Tests</stat>
</total>
<tag>
</tag>
<suite>
<stat pass="1" fail="0" skip="0" id="s1" name="pythonProject1">pythonProject1</stat>
<stat pass="1" fail="0" skip="0" id="s1-s1" name="Generate Random Email Id">pythonProject1.Generate Random Email Id</stat>
</suite>
</statistics>
<errors>
</errors>
</robot>
